.\gradlew.bat : 
En línea: 1 Carácter: 1
+ .\gradlew.bat 
:core:compileJava 2>&1 | 
Out-File -FilePath 
compile_err ...
+ ~~~~~~~~~~~~~~~~~~~~~~~~~~
~~~~~~~~~~
    + CategoryInfo          
    : NotSpecified: (:Stri  
  ng) [], RemoteException
    + FullyQualifiedErrorId 
    : NativeCommandError
 
FAILURE: Build failed with 
an exception.

* What went wrong:
Execution failed for task 
':core:compileJava'.
> Java compilation 
initialization error
    error: invalid source 
release: 21

* Try:
> Run with --stacktrace 
option to get the stack 
trace.
> Run with --info or 
--debug option to get more 
log output.
> Run with --scan to 
generate a Build Scan 
(powered by Develocity).
> Get more help at 
https://help.gradle.org.

BUILD FAILED in 5s
